{"C:\\GitHubCloud\\automated-tests-js\\00-jest-introduction\\function.js": {"path":"C:\\GitHubCloud\\automated-tests-js\\00-jest-introduction\\function.js","statementMap":{"0":{"start":{"line":1,"column":0},"end":{"line":3,"column":1}},"1":{"start":{"line":2,"column":4},"end":{"line":2,"column":16}},"2":{"start":{"line":4,"column":0},"end":{"line":6,"column":1}},"3":{"start":{"line":5,"column":4},"end":{"line":5,"column":25}},"4":{"start":{"line":7,"column":0},"end":{"line":9,"column":1}},"5":{"start":{"line":8,"column":4},"end":{"line":8,"column":28}},"6":{"start":{"line":10,"column":0},"end":{"line":12,"column":1}},"7":{"start":{"line":11,"column":4},"end":{"line":11,"column":21}},"8":{"start":{"line":13,"column":0},"end":{"line":15,"column":1}},"9":{"start":{"line":14,"column":4},"end":{"line":14,"column":22}},"10":{"start":{"line":17,"column":0},"end":{"line":17,"column":74}}},"fnMap":{"0":{"name":"(anonymous_0)","decl":{"start":{"line":1,"column":6},"end":{"line":1,"column":7}},"loc":{"start":{"line":1,"column":16},"end":{"line":3,"column":1}},"line":1},"1":{"name":"(anonymous_1)","decl":{"start":{"line":4,"column":10},"end":{"line":4,"column":11}},"loc":{"start":{"line":4,"column":17},"end":{"line":6,"column":1}},"line":4},"2":{"name":"(anonymous_2)","decl":{"start":{"line":7,"column":13},"end":{"line":7,"column":14}},"loc":{"start":{"line":7,"column":23},"end":{"line":9,"column":1}},"line":7},"3":{"name":"(anonymous_3)","decl":{"start":{"line":10,"column":18},"end":{"line":10,"column":19}},"loc":{"start":{"line":10,"column":27},"end":{"line":12,"column":1}},"line":10},"4":{"name":"(anonymous_4)","decl":{"start":{"line":13,"column":13},"end":{"line":13,"column":14}},"loc":{"start":{"line":13,"column":32},"end":{"line":15,"column":1}},"line":13}},"branchMap":{"0":{"loc":{"start":{"line":5,"column":11},"end":{"line":5,"column":25}},"type":"cond-expr","locations":[{"start":{"line":5,"column":19},"end":{"line":5,"column":21}},{"start":{"line":5,"column":24},"end":{"line":5,"column":25}}],"line":5}},"s":{"0":1,"1":2,"2":1,"3":3,"4":1,"5":1,"6":1,"7":1,"8":1,"9":3,"10":1},"f":{"0":2,"1":3,"2":1,"3":1,"4":3},"b":{"0":[2,1]},"_coverageSchema":"1a1c01bbd47fc00a2c39e90264f33305004495a9","hash":"5c2a952ea7b0745c12afe8869511e49f5ae41fda"}
}
